2026-07-08 16:22:30,177 - BenPlan - INFO - Holdings file: WFA_Portfolio_Positions_060126_1751.xls - Holdings date: 2026-06-01 - days old: 37
2026-07-08 16:22:30,247 - BenPlan - INFO - Cash amount: $77,059.34
2026-07-08 16:22:35,036 - BenPlan - INFO - Market Values:
          Date   Market Value
0   2025-08-27  $3,724,372.28
1   2025-09-03  $3,705,190.44
2   2025-09-05  $3,734,707.27
3   2025-09-08  $3,753,592.48
4   2025-09-09  $3,735,275.23
5   2025-09-15  $3,780,860.83
6   2025-09-16  $3,776,879.09
7   2025-09-24  $3,774,784.60
8   2025-09-25  $3,755,056.91
9   2025-11-04  $3,795,740.61
10  2025-11-05  $3,818,958.23
11  2025-11-10  $3,869,588.62
12  2025-11-16  $3,833,147.90
13  2025-11-18  $3,779,791.80
14  2025-11-24  $3,708,573.72
15  2025-11-25  $3,826,428.88
16  2025-12-01  $3,849,688.06
17  2025-12-02  $3,769,697.20
18  2025-12-05  $3,801,182.81
19  2025-12-10  $3,814,877.25
20  2025-12-15  $3,796,555.52
21  2025-12-20  $3,775,197.33
22  2026-01-06  $3,837,291.72
23  2026-01-08  $3,832,413.21
24  2026-01-13  $3,864,868.08
25  2026-01-15  $3,882,418.00
26  2026-01-28  $3,918,388.13
27  2026-01-29  $3,891,030.45
28  2026-02-02  $3,869,417.24
29  2026-02-03  $3,866,519.21
30  2026-02-06  $3,893,184.09
31  2026-02-10  $3,922,688.67
32  2026-02-19  $3,915,013.80
33  2026-02-20  $3,922,704.23
34  2026-02-24  $3,938,188.42
35  2026-02-27  $3,946,642.94
36  2026-03-03  $3,843,850.76
37  2026-03-07  $3,800,515.89
38  2026-03-13  $3,752,745.23
39  2026-03-30  $3,643,642.87
40  2026-04-01  $3,757,160.77
41  2026-04-13  $3,905,194.04
42  2026-04-16  $3,951,449.71
43  2026-04-23  $3,862,690.33
44  2026-04-24  $3,883,635.02
45  2026-05-06  $3,982,121.93
46  2026-05-11  $3,982,864.41
47  2026-05-20  $3,954,194.42
48  2026-06-06  $3,977,199.57
49  2026-06-15  $4,094,267.46
50  2026-06-30  $4,063,976.14
51  2026-07-08  $4,027,243.71
2026-07-08 16:22:35,038 - BenPlan - INFO - Today's market value: $4,027,244
2026-07-08 16:22:35,038 - BenPlan - INFO - Min Market Value: $3,643,643 - Delta ($383,601) (9.53%) on 2026-03-30
2026-07-08 16:22:35,038 - BenPlan - INFO - Max Market Value: $4,094,267 - Delta ($67,024) (1.66%) on 2026-06-15
2026-07-08 16:22:35,859 - BenPlan - INFO - Market value chart saved to: /Users/bfraenkel/Documents/Code/BenPlan/Holdings/market_value.png
2026-07-08 16:22:35,859 - BenPlan - INFO - End: 2026-07-08 16:22:35.859783 -- Run Time: 0:00:05.683980

2026-07-08 18:27:55,297 - INFO - run - Read 2 tickers from ETF.xlsx
2026-07-08 18:27:55,298 - INFO - run - Updating data (expected last trading day: 2026-07-07)...
2026-07-08 18:27:55,298 - INFO - _update_ticker -   VUG: downloading full history
2026-07-08 18:27:55,844 - INFO - _download_close -   VUG: downloaded data:
Price          Close      High       Low      Open  Volume
Ticker           VUG       VUG       VUG       VUG     VUG
Date                                                      
2004-01-30  6.549754  6.549754  6.541824  6.543146  131400
2004-02-02  6.561653  6.599978  6.561653  6.568260   13200
2004-02-03  6.590726  6.592047  6.568258  6.584118   33600
2004-02-04  6.536541  6.574867  6.522004  6.541828    9600
2004-02-05  6.541827  6.547114  6.519361  6.519361   19800
2026-07-08 18:27:55,845 - INFO - _update_ticker -   VTI: downloading full history
2026-07-08 18:27:56,181 - INFO - _download_close -   VTI: downloaded data:
Price           Close       High        Low       Open   Volume
Ticker            VTI        VTI        VTI        VTI      VTI
Date                                                           
2001-06-15  35.812126  36.030866  35.496883  35.657721  1067400
2001-06-18  35.583740  35.972967  35.583740  35.908631   282600
2001-06-19  35.683460  36.133806  35.535490  36.124157  1777600
2001-06-20  36.059818  36.075903  35.625557  35.625557   476000
2001-06-21  36.349339  36.494092  35.947244  36.027663   240400
2026-07-08 18:27:56,235 - INFO - _log_date_summary - Saved ETF_back_data.parquet: most recent date=2026-07-08, oldest date=2001-06-15, oldest date with all tickers present=2004-01-30
2026-07-08 18:41:22,808 - INFO - run - Read 3 tickers from ETF.xlsx
2026-07-08 18:41:23,214 - INFO - _log_date_summary - Loaded ETF_back_data.parquet: most recent date=2026-07-08, oldest date=2001-06-15, oldest date with all tickers present=2004-01-30
2026-07-08 18:41:23,214 - INFO - run - Updating data (expected last trading day: 2026-07-07)...
2026-07-08 18:41:23,215 - INFO - _update_ticker -   VUG: downloading full history
2026-07-08 18:41:23,668 - INFO - _download_close -   VUG: downloaded data:
Price          Close      High       Low      Open  Volume
Ticker           VUG       VUG       VUG       VUG     VUG
Date                                                      
2004-01-30  6.549755  6.549755  6.541825  6.543147  131400
2004-02-02  6.561651  6.599976  6.561651  6.568259   13200
2004-02-03  6.590726  6.592047  6.568258  6.584118   33600
2004-02-04  6.536542  6.574868  6.522005  6.541829    9600
2004-02-05  6.541827  6.547113  6.519360  6.519360   19800
2026-07-08 18:41:23,668 - INFO - _update_ticker -   VTI: downloading full history
2026-07-08 18:41:23,970 - INFO - _download_close -   VTI: downloaded data:
Price           Close       High        Low       Open   Volume
Ticker            VTI        VTI        VTI        VTI      VTI
Date                                                           
2001-06-15  35.812122  36.030862  35.496879  35.657717  1067400
2001-06-18  35.583736  35.972963  35.583736  35.908627   282600
2001-06-19  35.683460  36.133806  35.535490  36.124157  1777600
2001-06-20  36.059822  36.075907  35.625561  35.625561   476000
2001-06-21  36.349327  36.494080  35.947233  36.027652   240400
2026-07-08 18:41:23,971 - INFO - _update_ticker -   VFIAX: downloading full history
2026-07-08 18:41:24,289 - INFO - _download_close -   VFIAX: downloaded data:
Price           Close       High        Low       Open Volume
Ticker          VFIAX      VFIAX      VFIAX      VFIAX  VFIAX
Date                                                         
2000-11-13  78.802528  78.802528  78.802528  78.802528      0
2000-11-14  80.657753  80.657753  80.657753  80.657753      0
2000-11-15  81.067917  81.067917  81.067917  81.067917      0
2000-11-16  80.051918  80.051918  80.051918  80.051918      0
2000-11-17  79.786896  79.786896  79.786896  79.786896      0
2026-07-08 18:50:12,436 - INFO - run - Read 3 tickers from ETF.xlsx
2026-07-08 18:50:12,615 - INFO - _log_date_summary - Loaded ETF_back_data.parquet: number of rows=6301most recent date=2026-07-08, oldest date=2001-06-15, oldest date with all tickers present=2004-01-30
2026-07-08 18:50:12,615 - INFO - run - Updating data (expected last trading day: 2026-07-07)...
2026-07-08 18:50:12,618 - INFO - _update_ticker -   VUG: downloading full history
2026-07-08 18:50:13,136 - INFO - _download_close -   VUG: downloaded data:
Price          Close      High       Low      Open  Volume
Ticker           VUG       VUG       VUG       VUG     VUG
Date                                                      
2004-01-30  6.549757  6.549757  6.541828  6.543150  131400
2004-02-02  6.561651  6.599976  6.561651  6.568259   13200
2004-02-03  6.590723  6.592043  6.568255  6.584114   33600
2004-02-04  6.536541  6.574868  6.522005  6.541828    9600
2004-02-05  6.541825  6.547112  6.519359  6.519359   19800
2026-07-08 18:50:13,137 - INFO - _update_ticker -   VTI: downloading full history
2026-07-08 18:50:13,578 - INFO - _download_close -   VTI: downloaded data:
Price           Close       High        Low       Open   Volume
Ticker            VTI        VTI        VTI        VTI      VTI
Date                                                           
2001-06-15  35.812130  36.030869  35.496887  35.657725  1067400
2001-06-18  35.583744  35.972971  35.583744  35.908635   282600
2001-06-19  35.683456  36.133803  35.535486  36.124153  1777600
2001-06-20  36.059807  36.075892  35.625546  35.625546   476000
2001-06-21  36.349319  36.494072  35.947225  36.027644   240400
2026-07-08 18:50:13,581 - INFO - _update_ticker -   VFIAX: downloading full history
2026-07-08 18:50:13,938 - INFO - _download_close -   VFIAX: downloaded data:
Price           Close       High        Low       Open Volume
Ticker          VFIAX      VFIAX      VFIAX      VFIAX  VFIAX
Date                                                         
2000-11-13  78.802475  78.802475  78.802475  78.802475      0
2000-11-14  80.657722  80.657722  80.657722  80.657722      0
2000-11-15  81.067902  81.067902  81.067902  81.067902      0
2000-11-16  80.051956  80.051956  80.051956  80.051956      0
2000-11-17  79.786919  79.786919  79.786919  79.786919      0
2026-07-08 18:52:03,385 - INFO - run - Read 3 tickers from ETF.xlsx
2026-07-08 18:52:03,592 - INFO - _log_date_summary - Loaded ETF_back_data.parquet: number of rows=6301most recent date=2026-07-08, oldest date=2001-06-15, oldest date with all tickers present=2004-01-30
2026-07-08 18:52:03,592 - INFO - run - Updating data (expected last trading day: 2026-07-07)...
2026-07-08 18:52:03,593 - INFO - _update_ticker -   VUG: downloading full history
2026-07-08 18:52:04,123 - INFO - _download_close -   VUG: downloaded data:
Price          Close      High       Low      Open  Volume
Ticker           VUG       VUG       VUG       VUG     VUG
Date                                                      
2004-01-30  6.549759  6.549759  6.541830  6.543152  131400
2004-02-02  6.561648  6.599974  6.561648  6.568256   13200
2004-02-03  6.590725  6.592046  6.568258  6.584117   33600
2004-02-04  6.536543  6.574869  6.522006  6.541830    9600
2004-02-05  6.541828  6.547114  6.519361  6.519361   19800
2026-07-08 18:52:04,124 - INFO - _update_ticker -   VTI: downloading full history
2026-07-08 18:52:04,492 - INFO - _download_close -   VTI: downloaded data:
Price           Close       High        Low       Open   Volume
Ticker            VTI        VTI        VTI        VTI      VTI
Date                                                           
2001-06-15  35.812138  36.030877  35.496895  35.657732  1067400
2001-06-18  35.583744  35.972971  35.583744  35.908635   282600
2001-06-19  35.683464  36.133810  35.535494  36.124160  1777600
2001-06-20  36.059814  36.075899  35.625553  35.625553   476000
2001-06-21  36.349331  36.494084  35.947237  36.027655   240400
2026-07-08 18:52:04,494 - INFO - _update_ticker -   VFIAX: downloading full history
2026-07-08 18:52:04,825 - INFO - _download_close -   VFIAX: downloaded data:
Price           Close       High        Low       Open Volume
Ticker          VFIAX      VFIAX      VFIAX      VFIAX  VFIAX
Date                                                         
2000-11-13  78.802505  78.802505  78.802505  78.802505      0
2000-11-14  80.657700  80.657700  80.657700  80.657700      0
2000-11-15  81.067924  81.067924  81.067924  81.067924      0
2000-11-16  80.051949  80.051949  80.051949  80.051949      0
2000-11-17  79.786934  79.786934  79.786934  79.786934      0
2026-07-08 18:54:03,235 - INFO - run - Read 3 tickers from ETF.xlsx
2026-07-08 18:54:03,379 - INFO - _log_date_summary - Loaded ETF_back_data.parquet: number of rows=6301most recent date=2026-07-08, oldest date=2001-06-15, oldest date with all tickers present=2004-01-30
2026-07-08 18:54:03,379 - INFO - run - Updating data (expected last trading day: 2026-07-07)...
2026-07-08 18:54:03,381 - INFO - _update_ticker -   VUG: downloading full history
2026-07-08 18:54:03,912 - INFO - _download_close -   VUG: downloaded data:
Price          Close      High       Low      Open  Volume
Ticker           VUG       VUG       VUG       VUG     VUG
Date                                                      
2004-01-30  6.549758  6.549758  6.541828  6.543150  131400
2004-02-02  6.561652  6.599978  6.561652  6.568260   13200
2004-02-03  6.590726  6.592046  6.568258  6.584117   33600
2004-02-04  6.536539  6.574866  6.522002  6.541826    9600
2004-02-05  6.541829  6.547115  6.519362  6.519362   19800
2026-07-08 18:54:03,914 - INFO - _update_ticker -   VTI: downloading full history
2026-07-08 18:54:04,279 - INFO - _download_close -   VTI: downloaded data:
Price           Close       High        Low       Open   Volume
Ticker            VTI        VTI        VTI        VTI      VTI
Date                                                           
2001-06-15  35.812134  36.030873  35.496891  35.657728  1067400
2001-06-18  35.583740  35.972967  35.583740  35.908631   282600
2001-06-19  35.683453  36.133799  35.535482  36.124149  1777600
2001-06-20  36.059826  36.075911  35.625564  35.625564   476000
2001-06-21  36.349312  36.494065  35.947218  36.027637   240400
2026-07-08 18:54:04,280 - INFO - _update_ticker -   VFIAX: downloading full history
2026-07-08 18:54:04,633 - INFO - _download_close -   VFIAX: downloaded data:
Price           Close       High        Low       Open Volume
Ticker          VFIAX      VFIAX      VFIAX      VFIAX  VFIAX
Date                                                         
2000-11-13  78.802498  78.802498  78.802498  78.802498      0
2000-11-14  80.657745  80.657745  80.657745  80.657745      0
2000-11-15  81.067902  81.067902  81.067902  81.067902      0
2000-11-16  80.051964  80.051964  80.051964  80.051964      0
2000-11-17  79.786926  79.786926  79.786926  79.786926      0
2026-07-08 18:54:51,509 - INFO - run - Read 3 tickers from ETF.xlsx
2026-07-08 18:54:51,509 - INFO - run - Updating data (expected last trading day: 2026-07-07)...
2026-07-08 18:54:51,509 - INFO - _update_ticker -   VUG: downloading full history
2026-07-08 18:54:52,095 - INFO - _download_close -   VUG: downloaded data:
Price          Close      High       Low      Open  Volume
Ticker           VUG       VUG       VUG       VUG     VUG
Date                                                      
2004-01-30  6.549757  6.549757  6.541827  6.543149  131400
2004-02-02  6.561653  6.599978  6.561653  6.568260   13200
2004-02-03  6.590727  6.592047  6.568259  6.584118   33600
2004-02-04  6.536541  6.574867  6.522004  6.541827    9600
2004-02-05  6.541828  6.547114  6.519361  6.519361   19800
2026-07-08 18:54:52,097 - INFO - _update_ticker -   VTI: downloading full history
2026-07-08 18:54:52,450 - INFO - _download_close -   VTI: downloaded data:
Price           Close       High        Low       Open   Volume
Ticker            VTI        VTI        VTI        VTI      VTI
Date                                                           
2001-06-15  35.812130  36.030869  35.496887  35.657725  1067400
2001-06-18  35.583740  35.972967  35.583740  35.908631   282600
2001-06-19  35.683456  36.133803  35.535486  36.124153  1777600
2001-06-20  36.059811  36.075895  35.625549  35.625549   476000
2001-06-21  36.349319  36.494072  35.947225  36.027644   240400
2026-07-08 18:54:52,452 - INFO - _update_ticker -   VFIAX: downloading full history
2026-07-08 18:54:52,780 - INFO - _download_close -   VFIAX: downloaded data:
Price           Close       High        Low       Open Volume
Ticker          VFIAX      VFIAX      VFIAX      VFIAX  VFIAX
Date                                                         
2000-11-13  78.802521  78.802521  78.802521  78.802521      0
2000-11-14  80.657738  80.657738  80.657738  80.657738      0
2000-11-15  81.067932  81.067932  81.067932  81.067932      0
2000-11-16  80.051949  80.051949  80.051949  80.051949      0
2000-11-17  79.786896  79.786896  79.786896  79.786896      0
2026-07-08 18:54:52,906 - INFO - _log_date_summary - Saved ETF_back_data.parquet: number of rows=6448most recent date=2026-07-08, oldest date=2000-11-13, oldest date with all tickers present=2004-01-30
2026-07-08 18:56:32,699 - INFO - run - Read 4 tickers from ETF.xlsx
2026-07-08 18:56:32,856 - INFO - _log_date_summary - Loaded ETF_back_data.parquet: number of rows=6448, most recent date=2026-07-08, oldest date=2000-11-13, oldest date with all tickers present=2004-01-30
2026-07-08 18:56:32,856 - INFO - run - Updating data (expected last trading day: 2026-07-07)...
2026-07-08 18:56:32,859 - INFO - _update_ticker -   VUG: downloading full history
2026-07-08 18:56:33,475 - INFO - _download_close -   VUG: downloaded data:
Price          Close      High       Low      Open  Volume
Ticker           VUG       VUG       VUG       VUG     VUG
Date                                                      
2004-01-30  6.549757  6.549757  6.541827  6.543149  131400
2004-02-02  6.561651  6.599976  6.561651  6.568259   13200
2004-02-03  6.590727  6.592047  6.568259  6.584118   33600
2004-02-04  6.536542  6.574868  6.522005  6.541829    9600
2004-02-05  6.541830  6.547116  6.519363  6.519363   19800
2026-07-08 18:56:33,477 - INFO - _update_ticker -   VTI: downloading full history
2026-07-08 18:56:33,889 - INFO - _download_close -   VTI: downloaded data:
Price           Close       High        Low       Open   Volume
Ticker            VTI        VTI        VTI        VTI      VTI
Date                                                           
2001-06-15  35.812122  36.030862  35.496879  35.657717  1067400
2001-06-18  35.583736  35.972963  35.583736  35.908627   282600
2001-06-19  35.683475  36.133822  35.535505  36.124172  1777600
2001-06-20  36.059814  36.075899  35.625553  35.625553   476000
2001-06-21  36.349327  36.494080  35.947233  36.027652   240400
2026-07-08 18:56:33,890 - INFO - _update_ticker -   VFIAX: downloading full history
2026-07-08 18:56:34,275 - INFO - _download_close -   VFIAX: downloaded data:
Price           Close       High        Low       Open Volume
Ticker          VFIAX      VFIAX      VFIAX      VFIAX  VFIAX
Date                                                         
2000-11-13  78.802536  78.802536  78.802536  78.802536      0
2000-11-14  80.657730  80.657730  80.657730  80.657730      0
2000-11-15  81.067886  81.067886  81.067886  81.067886      0
2000-11-16  80.051941  80.051941  80.051941  80.051941      0
2000-11-17  79.786926  79.786926  79.786926  79.786926      0
2026-07-08 18:56:34,277 - INFO - _update_ticker -   VSMAX: downloading full history
2026-07-08 18:56:34,625 - INFO - _download_close -   VSMAX: downloaded data:
Price           Close       High        Low       Open Volume
Ticker          VSMAX      VSMAX      VSMAX      VSMAX  VSMAX
Date                                                         
2000-11-13  16.128918  16.128918  16.128918  16.128918      0
2000-11-14  16.481743  16.481743  16.481743  16.481743      0
2000-11-15  16.647341  16.647341  16.647341  16.647341      0
2000-11-16  16.308924  16.308924  16.308924  16.308924      0
2000-11-17  16.344934  16.344934  16.344934  16.344934      0
2026-07-08 18:59:14,434 - INFO - run - Read 4 tickers from ETF.xlsx
2026-07-08 18:59:14,578 - INFO - _log_date_summary - Loaded ETF_back_data.parquet: number of rows=6448, most recent date=2026-07-08, oldest date=2000-11-13, oldest date with all tickers present=2004-01-30
2026-07-08 18:59:14,578 - INFO - run - Updating data (expected last trading day: 2026-07-07)...
2026-07-08 18:59:14,580 - INFO - _update_ticker -   VUG: downloading full history
2026-07-08 18:59:15,141 - INFO - _download_close -   VUG: downloaded data:
Price          Close      High       Low      Open  Volume
Ticker           VUG       VUG       VUG       VUG     VUG
Date                                                      
2004-01-30  6.549756  6.549756  6.541826  6.543148  131400
2004-02-02  6.561651  6.599977  6.561651  6.568259   13200
2004-02-03  6.590727  6.592048  6.568259  6.584119   33600
2004-02-04  6.536539  6.574866  6.522002  6.541826    9600
2004-02-05  6.541826  6.547113  6.519360  6.519360   19800
2026-07-08 18:59:15,143 - INFO - _update_ticker -   VTI: downloading full history
2026-07-08 18:59:15,501 - INFO - _download_close -   VTI: downloaded data:
Price           Close       High        Low       Open   Volume
Ticker            VTI        VTI        VTI        VTI      VTI
Date                                                           
2001-06-15  35.812122  36.030862  35.496879  35.657717  1067400
2001-06-18  35.583736  35.972963  35.583736  35.908627   282600
2001-06-19  35.683460  36.133806  35.535490  36.124157  1777600
2001-06-20  36.059830  36.075914  35.625568  35.625568   476000
2001-06-21  36.349342  36.494095  35.947248  36.027667   240400
2026-07-08 18:59:15,502 - INFO - _update_ticker -   VFIAX: downloading full history
2026-07-08 18:59:15,900 - INFO - _download_close -   VFIAX: downloaded data:
Price           Close       High        Low       Open Volume
Ticker          VFIAX      VFIAX      VFIAX      VFIAX  VFIAX
Date                                                         
2000-11-13  78.802528  78.802528  78.802528  78.802528      0
2000-11-14  80.657715  80.657715  80.657715  80.657715      0
2000-11-15  81.067909  81.067909  81.067909  81.067909      0
2000-11-16  80.051933  80.051933  80.051933  80.051933      0
2000-11-17  79.786896  79.786896  79.786896  79.786896      0
2026-07-08 18:59:15,901 - INFO - _update_ticker -   VSMAX: downloading full history
2026-07-08 18:59:16,300 - INFO - _download_close -   VSMAX: downloaded data:
Price           Close       High        Low       Open Volume
Ticker          VSMAX      VSMAX      VSMAX      VSMAX  VSMAX
Date                                                         
2000-11-13  16.128914  16.128914  16.128914  16.128914      0
2000-11-14  16.481741  16.481741  16.481741  16.481741      0
2000-11-15  16.647345  16.647345  16.647345  16.647345      0
2000-11-16  16.308926  16.308926  16.308926  16.308926      0
2000-11-17  16.344933  16.344933  16.344933  16.344933      0
2026-07-08 19:01:02,254 - INFO - main - Log level set to 10
2026-07-08 19:01:02,401 - INFO - run - Read 4 tickers from ETF.xlsx
2026-07-08 19:01:02,535 - INFO - _log_date_summary - Loaded ETF_back_data.parquet: number of rows=6448, most recent date=2026-07-08, oldest date=2000-11-13, oldest date with all tickers present=2004-01-30
2026-07-08 19:01:02,535 - INFO - run - Updating data (expected last trading day: 2026-07-07)...
2026-07-08 19:01:02,537 - INFO - _update_ticker -   VUG: downloading full history
2026-07-08 19:01:03,043 - INFO - _download_close -   VUG: downloaded data:
Price          Close      High       Low      Open  Volume
Ticker           VUG       VUG       VUG       VUG     VUG
Date                                                      
2004-01-30  6.549758  6.549758  6.541828  6.543150  131400
2004-02-02  6.561652  6.599977  6.561652  6.568260   13200
2004-02-03  6.590726  6.592046  6.568258  6.584117   33600
2004-02-04  6.536539  6.574865  6.522002  6.541825    9600
2004-02-05  6.541830  6.547117  6.519364  6.519364   19800
2026-07-08 19:01:03,045 - INFO - _update_ticker -   VTI: downloading full history
2026-07-08 19:01:03,389 - INFO - _download_close -   VTI: downloaded data:
Price           Close       High        Low       Open   Volume
Ticker            VTI        VTI        VTI        VTI      VTI
Date                                                           
2001-06-15  35.812126  36.030866  35.496883  35.657721  1067400
2001-06-18  35.583729  35.972956  35.583729  35.908619   282600
2001-06-19  35.683456  36.133803  35.535486  36.124153  1777600
2001-06-20  36.059822  36.075907  35.625561  35.625561   476000
2001-06-21  36.349342  36.494095  35.947248  36.027667   240400
2026-07-08 19:01:03,390 - INFO - _update_ticker -   VFIAX: downloading full history
2026-07-08 19:01:03,762 - INFO - _download_close -   VFIAX: downloaded data:
Price           Close       High        Low       Open Volume
Ticker          VFIAX      VFIAX      VFIAX      VFIAX  VFIAX
Date                                                         
2000-11-13  78.802505  78.802505  78.802505  78.802505      0
2000-11-14  80.657722  80.657722  80.657722  80.657722      0
2000-11-15  81.067894  81.067894  81.067894  81.067894      0
2000-11-16  80.051956  80.051956  80.051956  80.051956      0
2000-11-17  79.786919  79.786919  79.786919  79.786919      0
2026-07-08 19:01:03,763 - INFO - _update_ticker -   VSMAX: downloading full history
2026-07-08 19:01:04,108 - INFO - _download_close -   VSMAX: downloaded data:
Price           Close       High        Low       Open Volume
Ticker          VSMAX      VSMAX      VSMAX      VSMAX  VSMAX
Date                                                         
2000-11-13  16.128914  16.128914  16.128914  16.128914      0
2000-11-14  16.481739  16.481739  16.481739  16.481739      0
2000-11-15  16.647345  16.647345  16.647345  16.647345      0
2000-11-16  16.308933  16.308933  16.308933  16.308933      0
2000-11-17  16.344925  16.344925  16.344925  16.344925      0
2026-07-08 19:03:53,953 - INFO - run - Read 4 tickers from ETF.xlsx
2026-07-08 19:03:54,095 - INFO - _log_date_summary - Loaded ETF_back_data.parquet: number of rows=6448, most recent date=2026-07-08, oldest date=2000-11-13, oldest date with all tickers present=2004-01-30
2026-07-08 19:03:54,096 - INFO - run - Updating data (expected last trading day: 2026-07-07)...
2026-07-08 19:03:54,098 - INFO - _update_ticker -   VUG: downloading full history
2026-07-08 19:03:54,697 - INFO - _download_close -   VUG: downloaded data:
Price          Close      High       Low      Open  Volume
Ticker           VUG       VUG       VUG       VUG     VUG
Date                                                      
2004-01-30  6.549755  6.549755  6.541825  6.543147  131400
2004-02-02  6.561651  6.599977  6.561651  6.568259   13200
2004-02-03  6.590726  6.592047  6.568258  6.584118   33600
2004-02-04  6.536540  6.574867  6.522003  6.541827    9600
2004-02-05  6.541828  6.547114  6.519361  6.519361   19800
2026-07-08 19:03:54,698 - INFO - _update_ticker -   VTI: downloading full history
2026-07-08 19:03:55,054 - INFO - _download_close -   VTI: downloaded data:
Price           Close       High        Low       Open   Volume
Ticker            VTI        VTI        VTI        VTI      VTI
Date                                                           
2001-06-15  35.812119  36.030858  35.496876  35.657713  1067400
2001-06-18  35.583752  35.972979  35.583752  35.908642   282600
2001-06-19  35.683468  36.133814  35.535497  36.124164  1777600
2001-06-20  36.059814  36.075899  35.625553  35.625553   476000
2001-06-21  36.349331  36.494084  35.947237  36.027655   240400
2026-07-08 19:03:55,056 - INFO - _update_ticker -   VFIAX: downloading full history
2026-07-08 19:03:55,409 - INFO - _download_close -   VFIAX: downloaded data:
Price           Close       High        Low       Open Volume
Ticker          VFIAX      VFIAX      VFIAX      VFIAX  VFIAX
Date                                                         
2000-11-13  78.802505  78.802505  78.802505  78.802505      0
2000-11-14  80.657768  80.657768  80.657768  80.657768      0
2000-11-15  81.067917  81.067917  81.067917  81.067917      0
2000-11-16  80.051949  80.051949  80.051949  80.051949      0
2000-11-17  79.786880  79.786880  79.786880  79.786880      0
2026-07-08 19:03:55,411 - INFO - _update_ticker -   VSMAX: downloading full history
2026-07-08 19:03:55,797 - INFO - _download_close -   VSMAX: downloaded data:
Price           Close       High        Low       Open Volume
Ticker          VSMAX      VSMAX      VSMAX      VSMAX  VSMAX
Date                                                         
2000-11-13  16.128916  16.128916  16.128916  16.128916      0
2000-11-14  16.481739  16.481739  16.481739  16.481739      0
2000-11-15  16.647352  16.647352  16.647352  16.647352      0
2000-11-16  16.308933  16.308933  16.308933  16.308933      0
2000-11-17  16.344931  16.344931  16.344931  16.344931      0
2026-07-08 19:03:55,885 - INFO - run - # series: 7
2026-07-08 19:03:55,893 - INFO - run - ('VUG', 'VUG'): 6448
2026-07-08 19:03:55,894 - INFO - run - ('VTI', 'VTI'): 6448
2026-07-08 19:03:55,894 - INFO - run - ('VFIAX', 'VFIAX'): 6448
2026-07-08 19:03:55,894 - INFO - run - VUG: 6448
2026-07-08 19:03:55,894 - INFO - run - VTI: 6448
2026-07-08 19:03:55,894 - INFO - run - VFIAX: 6448
2026-07-08 19:03:55,894 - INFO - run - VSMAX: 6448
2026-07-08 19:11:26,945 - INFO - run - Read 4 tickers from ETF.xlsx
2026-07-08 19:11:27,106 - INFO - _log_date_summary - Loaded ETF_back_data.parquet: number of rows=6448, most recent date=2026-07-08, oldest date=2000-11-13, oldest date with all tickers present=2004-01-30
2026-07-08 19:11:27,106 - INFO - run - Updating data (expected last trading day: 2026-07-07)...
2026-07-08 19:11:27,109 - INFO - _update_ticker -   VUG: downloading full history
2026-07-08 19:11:27,787 - INFO - _download_close -   VUG: downloaded data:
Price          Close      High       Low      Open  Volume
Ticker           VUG       VUG       VUG       VUG     VUG
Date                                                      
2004-01-30  6.549756  6.549756  6.541826  6.543148  131400
2004-02-02  6.561652  6.599978  6.561652  6.568260   13200
2004-02-03  6.590728  6.592049  6.568260  6.584120   33600
2004-02-04  6.536541  6.574868  6.522005  6.541828    9600
2004-02-05  6.541828  6.547115  6.519362  6.519362   19800
2026-07-08 19:11:27,788 - INFO - _update_ticker -   VTI: downloading full history
2026-07-08 19:11:28,154 - INFO - _download_close -   VTI: downloaded data:
Price           Close       High        Low       Open   Volume
Ticker            VTI        VTI        VTI        VTI      VTI
Date                                                           
2001-06-15  35.812134  36.030873  35.496891  35.657728  1067400
2001-06-18  35.583736  35.972963  35.583736  35.908627   282600
2001-06-19  35.683449  36.133795  35.535478  36.124145  1777600
2001-06-20  36.059834  36.075918  35.625572  35.625572   476000
2001-06-21  36.349319  36.494072  35.947225  36.027644   240400
2026-07-08 19:11:28,155 - INFO - _update_ticker -   VFIAX: downloading full history
2026-07-08 19:11:28,545 - INFO - _download_close -   VFIAX: downloaded data:
Price           Close       High        Low       Open Volume
Ticker          VFIAX      VFIAX      VFIAX      VFIAX  VFIAX
Date                                                         
2000-11-13  78.802536  78.802536  78.802536  78.802536      0
2000-11-14  80.657722  80.657722  80.657722  80.657722      0
2000-11-15  81.067886  81.067886  81.067886  81.067886      0
2000-11-16  80.051964  80.051964  80.051964  80.051964      0
2000-11-17  79.786934  79.786934  79.786934  79.786934      0
2026-07-08 19:11:28,546 - INFO - _update_ticker -   VSMAX: downloading full history
2026-07-08 19:11:28,846 - INFO - _download_close -   VSMAX: downloaded data:
Price           Close       High        Low       Open Volume
Ticker          VSMAX      VSMAX      VSMAX      VSMAX  VSMAX
Date                                                         
2000-11-13  16.128914  16.128914  16.128914  16.128914      0
2000-11-14  16.481741  16.481741  16.481741  16.481741      0
2000-11-15  16.647350  16.647350  16.647350  16.647350      0
2000-11-16  16.308922  16.308922  16.308922  16.308922      0
2000-11-17  16.344933  16.344933  16.344933  16.344933      0
2026-07-08 19:11:28,907 - INFO - run - # series: 7
2026-07-08 19:11:28,907 - INFO - run - ('VUG', 'VUG'): 5644
2026-07-08 19:11:28,908 - INFO - run - ('VTI', 'VTI'): 6301
2026-07-08 19:11:28,908 - INFO - run - ('VFIAX', 'VFIAX'): 6448
2026-07-08 19:11:28,909 - INFO - run - VUG: 5644
2026-07-08 19:11:28,911 - INFO - run - VTI: 6301
2026-07-08 19:11:28,912 - INFO - run - VFIAX: 6448
2026-07-08 19:11:28,913 - INFO - run - VSMAX: 6448
2026-07-08 19:12:14,293 - INFO - run - Read 2 tickers from ETF.xlsx
2026-07-08 19:12:14,294 - INFO - run - Updating data (expected last trading day: 2026-07-07)...
2026-07-08 19:12:14,294 - INFO - _update_ticker -   VUG: downloading full history
2026-07-08 19:12:14,904 - INFO - _download_close -   VUG: downloaded data:
Price          Close      High       Low      Open  Volume
Ticker           VUG       VUG       VUG       VUG     VUG
Date                                                      
2004-01-30  6.549755  6.549755  6.541825  6.543147  131400
2004-02-02  6.561650  6.599976  6.561650  6.568258   13200
2004-02-03  6.590725  6.592045  6.568257  6.584116   33600
2004-02-04  6.536540  6.574866  6.522003  6.541826    9600
2004-02-05  6.541828  6.547114  6.519361  6.519361   19800
2026-07-08 19:12:14,905 - INFO - _update_ticker -   VTI: downloading full history
2026-07-08 19:12:15,281 - INFO - _download_close -   VTI: downloaded data:
Price           Close       High        Low       Open   Volume
Ticker            VTI        VTI        VTI        VTI      VTI
Date                                                           
2001-06-15  35.812130  36.030869  35.496887  35.657725  1067400
2001-06-18  35.583744  35.972971  35.583744  35.908635   282600
2001-06-19  35.683460  36.133806  35.535490  36.124157  1777600
2001-06-20  36.059822  36.075907  35.625561  35.625561   476000
2001-06-21  36.349323  36.494076  35.947229  36.027648   240400
2026-07-08 19:12:15,307 - INFO - run - # series: 2
2026-07-08 19:12:15,308 - INFO - run - VUG: 5644
2026-07-08 19:12:15,308 - INFO - run - VTI: 6301
2026-07-08 19:12:15,355 - INFO - _log_date_summary - Saved ETF_back_data.parquet: number of rows=6301, most recent date=2026-07-08, oldest date=2001-06-15, oldest date with all tickers present=2004-01-30
2026-07-08 19:12:28,322 - INFO - run - Read 4 tickers from ETF.xlsx
2026-07-08 19:12:28,422 - INFO - _log_date_summary - Loaded ETF_back_data.parquet: number of rows=6301, most recent date=2026-07-08, oldest date=2001-06-15, oldest date with all tickers present=2004-01-30
2026-07-08 19:12:28,422 - INFO - run - Updating data (expected last trading day: 2026-07-07)...
2026-07-08 19:12:28,423 - INFO - _update_ticker -   VUG: downloading full history
2026-07-08 19:12:28,996 - INFO - _download_close -   VUG: downloaded data:
Price          Close      High       Low      Open  Volume
Ticker           VUG       VUG       VUG       VUG     VUG
Date                                                      
2004-01-30  6.549755  6.549755  6.541825  6.543147  131400
2004-02-02  6.561652  6.599977  6.561652  6.568260   13200
2004-02-03  6.590729  6.592050  6.568261  6.584121   33600
2004-02-04  6.536540  6.574866  6.522003  6.541826    9600
2004-02-05  6.541827  6.547113  6.519360  6.519360   19800
2026-07-08 19:12:28,997 - INFO - _update_ticker -   VTI: downloading full history
2026-07-08 19:12:29,364 - INFO - _download_close -   VTI: downloaded data:
Price           Close       High        Low       Open   Volume
Ticker            VTI        VTI        VTI        VTI      VTI
Date                                                           
2001-06-15  35.812122  36.030862  35.496879  35.657717  1067400
2001-06-18  35.583744  35.972971  35.583744  35.908635   282600
2001-06-19  35.683464  36.133810  35.535494  36.124160  1777600
2001-06-20  36.059826  36.075911  35.625564  35.625564   476000
2001-06-21  36.349327  36.494080  35.947233  36.027652   240400
2026-07-08 19:12:29,365 - INFO - _update_ticker -   VFIAX: downloading full history
2026-07-08 19:12:29,864 - INFO - _download_close -   VFIAX: downloaded data:
Price           Close       High        Low       Open Volume
Ticker          VFIAX      VFIAX      VFIAX      VFIAX  VFIAX
Date                                                         
2000-11-13  78.802513  78.802513  78.802513  78.802513      0
2000-11-14  80.657722  80.657722  80.657722  80.657722      0
2000-11-15  81.067871  81.067871  81.067871  81.067871      0
2000-11-16  80.051949  80.051949  80.051949  80.051949      0
2000-11-17  79.786896  79.786896  79.786896  79.786896      0
2026-07-08 19:12:29,865 - INFO - _update_ticker -   VSMAX: downloading full history
2026-07-08 19:12:30,254 - INFO - _download_close -   VSMAX: downloaded data:
Price           Close       High        Low       Open Volume
Ticker          VSMAX      VSMAX      VSMAX      VSMAX  VSMAX
Date                                                         
2000-11-13  16.128914  16.128914  16.128914  16.128914      0
2000-11-14  16.481737  16.481737  16.481737  16.481737      0
2000-11-15  16.647346  16.647346  16.647346  16.647346      0
2000-11-16  16.308929  16.308929  16.308929  16.308929      0
2000-11-17  16.344925  16.344925  16.344925  16.344925      0
2026-07-08 19:12:30,311 - INFO - run - # series: 6
2026-07-08 19:12:30,312 - INFO - run - ('VUG', 'VUG'): 5644
2026-07-08 19:12:30,312 - INFO - run - ('VTI', 'VTI'): 6301
2026-07-08 19:12:30,314 - INFO - run - VUG: 5644
2026-07-08 19:12:30,315 - INFO - run - VTI: 6301
2026-07-08 19:12:30,316 - INFO - run - VFIAX: 6448
2026-07-08 19:12:30,317 - INFO - run - VSMAX: 6448
2026-07-08 19:16:56,686 - INFO - run - Read 4 tickers from ETF.xlsx
2026-07-08 19:16:56,821 - INFO - _log_date_summary - Loaded ETF_back_data.parquet: number of rows=6301, most recent date=2026-07-08, oldest date=2001-06-15, oldest date with all tickers present=2004-01-30
2026-07-08 19:16:56,822 - INFO - run - Read 6301 tickers from ETF_back_data.parquet
2026-07-08 19:16:56,822 - INFO - run - Updating data (expected last trading day: 2026-07-07)...
2026-07-08 19:16:56,824 - INFO - _update_ticker -   VUG: downloading full history
2026-07-08 19:16:57,324 - INFO - _download_close -   VUG: downloaded data:
Price          Close      High       Low      Open  Volume
Ticker           VUG       VUG       VUG       VUG     VUG
Date                                                      
2004-01-30  6.549757  6.549757  6.541827  6.543149  131400
2004-02-02  6.561653  6.599978  6.561653  6.568260   13200
2004-02-03  6.590729  6.592049  6.568261  6.584120   33600
2004-02-04  6.536541  6.574867  6.522004  6.541827    9600
2004-02-05  6.541829  6.547115  6.519362  6.519362   19800
2026-07-08 19:16:57,327 - INFO - _update_ticker -   VTI: downloading full history
2026-07-08 19:16:57,694 - INFO - _download_close -   VTI: downloaded data:
Price           Close       High        Low       Open   Volume
Ticker            VTI        VTI        VTI        VTI      VTI
Date                                                           
2001-06-15  35.812126  36.030866  35.496883  35.657721  1067400
2001-06-18  35.583740  35.972967  35.583740  35.908631   282600
2001-06-19  35.683460  36.133806  35.535490  36.124157  1777600
2001-06-20  36.059814  36.075899  35.625553  35.625553   476000
2001-06-21  36.349339  36.494092  35.947244  36.027663   240400
2026-07-08 19:16:57,695 - INFO - _update_ticker -   VFIAX: downloading full history
2026-07-08 19:16:58,017 - INFO - _download_close -   VFIAX: downloaded data:
Price           Close       High        Low       Open Volume
Ticker          VFIAX      VFIAX      VFIAX      VFIAX  VFIAX
Date                                                         
2000-11-13  78.802505  78.802505  78.802505  78.802505      0
2000-11-14  80.657722  80.657722  80.657722  80.657722      0
2000-11-15  81.067886  81.067886  81.067886  81.067886      0
2000-11-16  80.051994  80.051994  80.051994  80.051994      0
2000-11-17  79.786919  79.786919  79.786919  79.786919      0
2026-07-08 19:16:58,041 - INFO - _update_ticker -   VSMAX: downloading full history
2026-07-08 19:16:58,330 - INFO - _download_close -   VSMAX: downloaded data:
Price           Close       High        Low       Open Volume
Ticker          VSMAX      VSMAX      VSMAX      VSMAX  VSMAX
Date                                                         
2000-11-13  16.128912  16.128912  16.128912  16.128912      0
2000-11-14  16.481739  16.481739  16.481739  16.481739      0
2000-11-15  16.647354  16.647354  16.647354  16.647354      0
2000-11-16  16.308924  16.308924  16.308924  16.308924      0
2000-11-17  16.344931  16.344931  16.344931  16.344931      0
2026-07-08 19:16:58,435 - INFO - run - # series: 6
2026-07-08 19:16:58,478 - INFO - run - ('VUG', 'VUG'): 5644
2026-07-08 19:16:58,522 - INFO - run - ('VTI', 'VTI'): 6301
2026-07-08 19:16:58,546 - INFO - run - VUG: 5644
2026-07-08 19:16:58,569 - INFO - run - VTI: 6301
2026-07-08 19:16:58,571 - INFO - run - VFIAX: 6448
2026-07-08 19:16:58,572 - INFO - run - VSMAX: 6448
2026-07-08 19:18:16,994 - INFO - run - Read 4 tickers from ETF.xlsx
2026-07-08 19:18:17,108 - INFO - _log_date_summary - Loaded ETF_back_data.parquet: number of rows=6301, number of tickers=2, most recent date=2026-07-08, oldest date=2001-06-15, oldest date with all tickers present=2004-01-30
2026-07-08 19:18:17,108 - INFO - run - Read 6301 tickers from ETF_back_data.parquet
2026-07-08 19:18:17,108 - INFO - run - Updating data (expected last trading day: 2026-07-07)...
2026-07-08 19:18:17,110 - INFO - _update_ticker -   VUG: downloading full history
2026-07-08 19:18:17,632 - INFO - _download_close -   VUG: downloaded data:
Price          Close      High       Low      Open  Volume
Ticker           VUG       VUG       VUG       VUG     VUG
Date                                                      
2004-01-30  6.549759  6.549759  6.541829  6.543151  131400
2004-02-02  6.561651  6.599977  6.561651  6.568259   13200
2004-02-03  6.590726  6.592047  6.568258  6.584118   33600
2004-02-04  6.536538  6.574865  6.522001  6.541825    9600
2004-02-05  6.541827  6.547113  6.519360  6.519360   19800
2026-07-08 19:18:17,633 - INFO - _update_ticker -   VTI: downloading full history
2026-07-08 19:18:17,956 - INFO - _download_close -   VTI: downloaded data:
Price           Close       High        Low       Open   Volume
Ticker            VTI        VTI        VTI        VTI      VTI
Date                                                           
2001-06-15  35.812134  36.030873  35.496891  35.657728  1067400
2001-06-18  35.583740  35.972967  35.583740  35.908631   282600
2001-06-19  35.683468  36.133814  35.535497  36.124164  1777600
2001-06-20  36.059830  36.075914  35.625568  35.625568   476000
2001-06-21  36.349342  36.494095  35.947248  36.027667   240400
2026-07-08 19:18:17,957 - INFO - _update_ticker -   VFIAX: downloading full history
2026-07-08 19:18:18,330 - INFO - _download_close -   VFIAX: downloaded data:
Price           Close       High        Low       Open Volume
Ticker          VFIAX      VFIAX      VFIAX      VFIAX  VFIAX
Date                                                         
2000-11-13  78.802505  78.802505  78.802505  78.802505      0
2000-11-14  80.657707  80.657707  80.657707  80.657707      0
2000-11-15  81.067909  81.067909  81.067909  81.067909      0
2000-11-16  80.051933  80.051933  80.051933  80.051933      0
2000-11-17  79.786888  79.786888  79.786888  79.786888      0
2026-07-08 19:18:18,331 - INFO - _update_ticker -   VSMAX: downloading full history
2026-07-08 19:18:18,653 - INFO - _download_close -   VSMAX: downloaded data:
Price           Close       High        Low       Open Volume
Ticker          VSMAX      VSMAX      VSMAX      VSMAX  VSMAX
Date                                                         
2000-11-13  16.128920  16.128920  16.128920  16.128920      0
2000-11-14  16.481739  16.481739  16.481739  16.481739      0
2000-11-15  16.647356  16.647356  16.647356  16.647356      0
2000-11-16  16.308928  16.308928  16.308928  16.308928      0
2000-11-17  16.344936  16.344936  16.344936  16.344936      0
2026-07-08 19:18:18,741 - INFO - run - # series: 6
2026-07-08 19:18:18,742 - INFO - run - ('VUG', 'VUG'): 5644
2026-07-08 19:18:18,743 - INFO - run - ('VTI', 'VTI'): 6301
2026-07-08 19:18:18,745 - INFO - run - VUG: 5644
2026-07-08 19:18:18,747 - INFO - run - VTI: 6301
2026-07-08 19:18:18,748 - INFO - run - VFIAX: 6448
2026-07-08 19:18:18,749 - INFO - run - VSMAX: 6448
2026-07-08 19:24:53,223 - INFO - run - Read 4 tickers from ETF.xlsx
2026-07-08 19:24:53,324 - INFO - _log_date_summary - Loaded ETF_back_data.parquet: number of rows=6301, number of tickers=2, most recent date=2026-07-08, oldest date=2001-06-15, oldest date with all tickers present=2004-01-30
2026-07-08 19:24:53,324 - INFO - run - Read 6301 tickers from ETF_back_data.parquet
2026-07-08 19:24:53,324 - INFO - run - Updating data (expected last trading day: 2026-07-07)...
2026-07-08 19:24:53,326 - INFO - _update_ticker -   VUG: downloading full history
2026-07-08 19:24:54,091 - INFO - _download_close -   VUG: downloaded data:
Price          Close      High       Low      Open  Volume
Ticker           VUG       VUG       VUG       VUG     VUG
Date                                                      
2004-01-30  6.549759  6.549759  6.541829  6.543151  131400
2004-02-02  6.561650  6.599976  6.561650  6.568258   13200
2004-02-03  6.590727  6.592047  6.568259  6.584118   33600
2004-02-04  6.536540  6.574867  6.522003  6.541827    9600
2004-02-05  6.541829  6.547116  6.519363  6.519363   19800
2026-07-08 19:24:54,092 - INFO - _update_ticker -   VTI: downloading full history
2026-07-08 19:24:54,472 - INFO - _download_close -   VTI: downloaded data:
Price           Close       High        Low       Open   Volume
Ticker            VTI        VTI        VTI        VTI      VTI
Date                                                           
2001-06-15  35.812138  36.030877  35.496895  35.657732  1067400
2001-06-18  35.583740  35.972967  35.583740  35.908631   282600
2001-06-19  35.683464  36.133810  35.535494  36.124160  1777600
2001-06-20  36.059822  36.075907  35.625561  35.625561   476000
2001-06-21  36.349323  36.494076  35.947229  36.027648   240400
2026-07-08 19:24:54,473 - INFO - _update_ticker -   VFIAX: downloading full history
2026-07-08 19:24:54,826 - INFO - _download_close -   VFIAX: downloaded data:
Price           Close       High        Low       Open Volume
Ticker          VFIAX      VFIAX      VFIAX      VFIAX  VFIAX
Date                                                         
2000-11-13  78.802513  78.802513  78.802513  78.802513      0
2000-11-14  80.657722  80.657722  80.657722  80.657722      0
2000-11-15  81.067902  81.067902  81.067902  81.067902      0
2000-11-16  80.051964  80.051964  80.051964  80.051964      0
2000-11-17  79.786903  79.786903  79.786903  79.786903      0
2026-07-08 19:24:54,827 - INFO - _update_ticker -   VSMAX: downloading full history
2026-07-08 19:24:55,211 - INFO - _download_close -   VSMAX: downloaded data:
Price           Close       High        Low       Open Volume
Ticker          VSMAX      VSMAX      VSMAX      VSMAX  VSMAX
Date                                                         
2000-11-13  16.128914  16.128914  16.128914  16.128914      0
2000-11-14  16.481737  16.481737  16.481737  16.481737      0
2000-11-15  16.647348  16.647348  16.647348  16.647348      0
2000-11-16  16.308924  16.308924  16.308924  16.308924      0
2000-11-17  16.344929  16.344929  16.344929  16.344929      0
2026-07-08 19:24:55,220 - INFO - run - # series: 6
2026-07-08 19:24:55,221 - INFO - run - ('VUG', 'VUG'): 5644
2026-07-08 19:24:55,221 - INFO - run - ('VTI', 'VTI'): 6301
2026-07-08 19:24:55,222 - INFO - run - VUG: 5644
2026-07-08 19:24:55,224 - INFO - run - VTI: 6301
2026-07-08 19:24:55,225 - INFO - run - VFIAX: 6448
2026-07-08 19:24:55,226 - INFO - run - VSMAX: 6448
2026-07-08 19:24:55,248 - INFO - _log_date_summary - Saved ETF_back_data.parquet: number of rows=6448, number of tickers=6, most recent date=2026-07-08, oldest date=2000-11-13, oldest date with all tickers present=2004-01-30
2026-07-08 19:25:27,053 - INFO - run - Read 2 tickers from ETF.xlsx
2026-07-08 19:25:27,053 - INFO - run - Read 0 tickers from ETF_back_data.parquet
2026-07-08 19:25:27,053 - INFO - run - Updating data (expected last trading day: 2026-07-07)...
2026-07-08 19:25:27,053 - INFO - _update_ticker -   VUG: downloading full history
2026-07-08 19:25:27,641 - INFO - _download_close -   VUG: downloaded data:
Price          Close      High       Low      Open  Volume
Ticker           VUG       VUG       VUG       VUG     VUG
Date                                                      
2004-01-30  6.549757  6.549757  6.541827  6.543149  131400
2004-02-02  6.561650  6.599976  6.561650  6.568258   13200
2004-02-03  6.590728  6.592049  6.568260  6.584120   33600
2004-02-04  6.536544  6.574870  6.522007  6.541831    9600
2004-02-05  6.541828  6.547115  6.519362  6.519362   19800
2026-07-08 19:25:27,642 - INFO - _update_ticker -   VTI: downloading full history
2026-07-08 19:25:28,046 - INFO - _download_close -   VTI: downloaded data:
Price           Close       High        Low       Open   Volume
Ticker            VTI        VTI        VTI        VTI      VTI
Date                                                           
2001-06-15  35.812122  36.030862  35.496879  35.657717  1067400
2001-06-18  35.583740  35.972967  35.583740  35.908631   282600
2001-06-19  35.683464  36.133810  35.535494  36.124160  1777600
2001-06-20  36.059826  36.075911  35.625564  35.625564   476000
2001-06-21  36.349335  36.494088  35.947240  36.027659   240400
2026-07-08 19:25:28,049 - INFO - run - # series: 2
2026-07-08 19:25:28,050 - INFO - run - VUG: 5644
2026-07-08 19:25:28,051 - INFO - run - VTI: 6301
2026-07-08 19:25:28,098 - INFO - _log_date_summary - Saved ETF_back_data.parquet: number of rows=6301, number of tickers=2, most recent date=2026-07-08, oldest date=2001-06-15, oldest date with all tickers present=2004-01-30
2026-07-08 19:25:47,154 - INFO - run - Read 2 tickers from ETF.xlsx
2026-07-08 19:25:47,269 - INFO - _log_date_summary - Loaded ETF_back_data.parquet: number of rows=6301, number of tickers=2, most recent date=2026-07-08, oldest date=2001-06-15, oldest date with all tickers present=2004-01-30
2026-07-08 19:25:47,269 - INFO - run - Read 6301 tickers from ETF_back_data.parquet
2026-07-08 19:25:47,269 - INFO - run - Updating data (expected last trading day: 2026-07-07)...
2026-07-08 19:25:47,270 - INFO - _update_ticker -   VUG: existing data from 2004-01-30 to 2026-07-08
2026-07-08 19:25:47,270 - INFO - _update_ticker -   VUG: up to date (last=2026-07-08)
2026-07-08 19:25:47,270 - INFO - _update_ticker -   VTI: existing data from 2001-06-15 to 2026-07-08
2026-07-08 19:25:47,270 - INFO - _update_ticker -   VTI: up to date (last=2026-07-08)
2026-07-08 19:25:47,271 - INFO - run - # series: 2
2026-07-08 19:25:47,272 - INFO - run - VUG: 5644
2026-07-08 19:25:47,272 - INFO - run - VTI: 6301
2026-07-08 19:25:47,287 - INFO - _log_date_summary - Saved ETF_back_data.parquet: number of rows=6301, number of tickers=2, most recent date=2026-07-08, oldest date=2001-06-15, oldest date with all tickers present=2004-01-30
2026-07-08 19:25:59,860 - INFO - run - Read 4 tickers from ETF.xlsx
2026-07-08 19:25:59,973 - INFO - _log_date_summary - Loaded ETF_back_data.parquet: number of rows=6301, number of tickers=2, most recent date=2026-07-08, oldest date=2001-06-15, oldest date with all tickers present=2004-01-30
2026-07-08 19:25:59,973 - INFO - run - Read 6301 tickers from ETF_back_data.parquet
2026-07-08 19:25:59,973 - INFO - run - Updating data (expected last trading day: 2026-07-07)...
2026-07-08 19:25:59,974 - INFO - _update_ticker -   VUG: existing data from 2004-01-30 to 2026-07-08
2026-07-08 19:25:59,974 - INFO - _update_ticker -   VUG: up to date (last=2026-07-08)
2026-07-08 19:25:59,974 - INFO - _update_ticker -   VTI: existing data from 2001-06-15 to 2026-07-08
2026-07-08 19:25:59,974 - INFO - _update_ticker -   VTI: up to date (last=2026-07-08)
2026-07-08 19:25:59,974 - INFO - _update_ticker -   VFIAX: downloading full history
2026-07-08 19:26:00,568 - INFO - _download_close -   VFIAX: downloaded data:
Price           Close       High        Low       Open Volume
Ticker          VFIAX      VFIAX      VFIAX      VFIAX  VFIAX
Date                                                         
2000-11-13  78.802536  78.802536  78.802536  78.802536      0
2000-11-14  80.657753  80.657753  80.657753  80.657753      0
2000-11-15  81.067909  81.067909  81.067909  81.067909      0
2000-11-16  80.051926  80.051926  80.051926  80.051926      0
2000-11-17  79.786903  79.786903  79.786903  79.786903      0
2026-07-08 19:26:00,569 - INFO - _update_ticker -   VSMAX: downloading full history
2026-07-08 19:26:00,937 - INFO - _download_close -   VSMAX: downloaded data:
Price           Close       High        Low       Open Volume
Ticker          VSMAX      VSMAX      VSMAX      VSMAX  VSMAX
Date                                                         
2000-11-13  16.128920  16.128920  16.128920  16.128920      0
2000-11-14  16.481739  16.481739  16.481739  16.481739      0
2000-11-15  16.647348  16.647348  16.647348  16.647348      0
2000-11-16  16.308926  16.308926  16.308926  16.308926      0
2000-11-17  16.344934  16.344934  16.344934  16.344934      0
2026-07-08 19:26:00,941 - INFO - run - # series: 4
2026-07-08 19:26:00,941 - INFO - run - VUG: 5644
2026-07-08 19:26:00,942 - INFO - run - VTI: 6301
2026-07-08 19:26:00,943 - INFO - run - VFIAX: 6448
2026-07-08 19:26:00,944 - INFO - run - VSMAX: 6448
2026-07-08 19:26:00,961 - INFO - _log_date_summary - Saved ETF_back_data.parquet: number of rows=6448, number of tickers=4, most recent date=2026-07-08, oldest date=2000-11-13, oldest date with all tickers present=2004-01-30
2026-07-08 19:29:17,536 - INFO - run - Read 4 tickers from ETF.xlsx
2026-07-08 19:29:17,650 - INFO - _log_date_summary - Loaded ETF_back_data.parquet: number of rows=6448, number of tickers=4
   most recent date=2026-07-08, oldest date=2000-11-13, oldest date with all tickers present=2004-01-30
2026-07-08 19:29:17,650 - INFO - run - Read 6448 tickers from ETF_back_data.parquet
2026-07-08 19:29:17,650 - INFO - run - Updating data (expected last trading day: 2026-07-07)...
2026-07-08 19:29:17,651 - INFO - _update_ticker -   VUG: existing data from 2004-01-30 to 2026-07-08
2026-07-08 19:29:17,651 - INFO - _update_ticker -   VUG: up to date (last=2026-07-08)
2026-07-08 19:29:17,652 - INFO - _update_ticker -   VTI: existing data from 2001-06-15 to 2026-07-08
2026-07-08 19:29:17,652 - INFO - _update_ticker -   VTI: up to date (last=2026-07-08)
2026-07-08 19:29:17,652 - INFO - _update_ticker -   VFIAX: existing data from 2000-11-13 to 2026-07-08
2026-07-08 19:29:17,652 - INFO - _update_ticker -   VFIAX: up to date (last=2026-07-08)
2026-07-08 19:29:17,652 - INFO - _update_ticker -   VSMAX: existing data from 2000-11-13 to 2026-07-08
2026-07-08 19:29:17,652 - INFO - _update_ticker -   VSMAX: up to date (last=2026-07-08)
2026-07-08 19:29:17,655 - INFO - run - # series: 4
2026-07-08 19:29:17,657 - INFO - run - VUG: 5644
2026-07-08 19:29:17,659 - INFO - run - VTI: 6301
2026-07-08 19:29:17,659 - INFO - run - VFIAX: 6448
2026-07-08 19:29:17,659 - INFO - run - VSMAX: 6448
2026-07-08 19:29:17,661 - INFO - run - Final prices shape: (6448, 4)
2026-07-08 19:29:17,682 - INFO - _log_date_summary - Saved ETF_back_data.parquet: number of rows=6448, number of tickers=4
   most recent date=2026-07-08, oldest date=2000-11-13, oldest date with all tickers present=2004-01-30
2026-07-08 19:29:52,948 - INFO - run - Read 4 tickers from ETF.xlsx
2026-07-08 19:29:53,071 - INFO - _log_date_summary - Loaded ETF_back_data.parquet: number of rows=6448, number of tickers=4
   most recent date=2026-07-08, oldest date=2000-11-13, oldest date with all tickers present=2004-01-30
2026-07-08 19:29:53,071 - INFO - run - Read 6448 tickers from ETF_back_data.parquet
2026-07-08 19:29:53,072 - INFO - run - Updating data (expected last trading day: 2026-07-07)...
2026-07-08 19:29:53,073 - INFO - _update_ticker -   VUG: existing data from 2004-01-30 to 2026-07-08
2026-07-08 19:29:53,073 - INFO - _update_ticker -   VUG: up to date (last=2026-07-08)
2026-07-08 19:29:53,074 - INFO - _update_ticker -   VTI: existing data from 2001-06-15 to 2026-07-08
2026-07-08 19:29:53,074 - INFO - _update_ticker -   VTI: up to date (last=2026-07-08)
2026-07-08 19:29:53,074 - INFO - _update_ticker -   VFIAX: existing data from 2000-11-13 to 2026-07-08
2026-07-08 19:29:53,074 - INFO - _update_ticker -   VFIAX: up to date (last=2026-07-08)
2026-07-08 19:29:53,074 - INFO - _update_ticker -   VSMAX: existing data from 2000-11-13 to 2026-07-08
2026-07-08 19:29:53,075 - INFO - _update_ticker -   VSMAX: up to date (last=2026-07-08)
2026-07-08 19:29:53,078 - INFO - run - # series: 4
2026-07-08 19:29:53,081 - INFO - run - VUG: 6448
2026-07-08 19:29:53,082 - INFO - run - VTI: 6448
2026-07-08 19:29:53,083 - INFO - run - VFIAX: 6448
2026-07-08 19:29:53,083 - INFO - run - VSMAX: 6448
2026-07-08 19:29:53,085 - INFO - run - Final prices shape: (6448, 4)
2026-07-08 19:29:53,109 - INFO - _log_date_summary - Saved ETF_back_data.parquet: number of rows=6448, number of tickers=4
   most recent date=2026-07-08, oldest date=2000-11-13, oldest date with all tickers present=2004-01-30
2026-07-08 19:30:28,710 - INFO - run - Read 5 tickers from ETF.xlsx
2026-07-08 19:30:28,888 - INFO - _log_date_summary - Loaded ETF_back_data.parquet: number of rows=6448, number of tickers=4
   most recent date=2026-07-08, oldest date=2000-11-13, oldest date with all tickers present=2004-01-30
2026-07-08 19:30:28,888 - INFO - run - Read 6448 tickers from ETF_back_data.parquet
2026-07-08 19:30:28,888 - INFO - run - Updating data (expected last trading day: 2026-07-07)...
2026-07-08 19:30:28,889 - INFO - _update_ticker -   VUG: existing data from 2004-01-30 to 2026-07-08
2026-07-08 19:30:28,890 - INFO - _update_ticker -   VUG: up to date (last=2026-07-08)
2026-07-08 19:30:28,890 - INFO - _update_ticker -   VTI: existing data from 2001-06-15 to 2026-07-08
2026-07-08 19:30:28,890 - INFO - _update_ticker -   VTI: up to date (last=2026-07-08)
2026-07-08 19:30:28,890 - INFO - _update_ticker -   VFIAX: existing data from 2000-11-13 to 2026-07-08
2026-07-08 19:30:28,890 - INFO - _update_ticker -   VFIAX: up to date (last=2026-07-08)
2026-07-08 19:30:28,890 - INFO - _update_ticker -   VSMAX: existing data from 2000-11-13 to 2026-07-08
2026-07-08 19:30:28,890 - INFO - _update_ticker -   VSMAX: up to date (last=2026-07-08)
2026-07-08 19:30:28,890 - INFO - _update_ticker -   VEMAX: downloading full history
2026-07-08 19:30:29,364 - INFO - _download_close -   VEMAX: downloaded data:
Price           Close       High        Low       Open Volume
Ticker          VEMAX      VEMAX      VEMAX      VEMAX  VEMAX
Date                                                         
2006-06-23  14.619750  14.619750  14.619750  14.619750      0
2006-06-26  14.648990  14.648990  14.648990  14.648990      0
2006-06-27  14.608057  14.608057  14.608057  14.608057      0
2006-06-28  14.789345  14.789345  14.789345  14.789345      0
2006-06-29  15.339043  15.339043  15.339043  15.339043      0
2026-07-08 19:30:29,368 - INFO - run - # series: 5
2026-07-08 19:30:29,369 - INFO - run - VUG: 6448
2026-07-08 19:30:29,369 - INFO - run - VTI: 6448
2026-07-08 19:30:29,369 - INFO - run - VFIAX: 6448
2026-07-08 19:30:29,370 - INFO - run - VSMAX: 6448
2026-07-08 19:30:29,371 - INFO - run - VEMAX: 6448
2026-07-08 19:30:29,372 - INFO - run - Final prices shape: (6448, 5)
2026-07-08 19:30:29,391 - INFO - _log_date_summary - Saved ETF_back_data.parquet: number of rows=6448, number of tickers=5
   most recent date=2026-07-08, oldest date=2000-11-13, oldest date with all tickers present=2006-06-23
